<?xml version="1.0" encoding="UTF-8"?>
<testsuite xmlns:xsi="http://www.w3.org/2001/XMLSchema-instance" xsi:noNamespaceSchemaLocation="https://maven.apache.org/surefire/maven-surefire-plugin/xsd/surefire-test-report.xsd" version="3.0.2" name="com.learn.mymoviedb.MymoviedbApplicationTests" time="3.633" tests="1" errors="0" skipped="0" failures="0">
  <properties>
    <property name="http.proxyHost" value="127.0.0.1"/>
    <property name="java.specification.version" value="17"/>
    <property name="sun.jnu.encoding" value="UTF-8"/>
    <property name="java.class.path" value="/Users/stanley-22896/Desktop/mymoviedb/target/test-classes:/Users/stanley-22896/Desktop/mymoviedb/target/classes:/Users/stanley-22896/.m2/repository/org/springframework/boot/spring-boot-starter-data-jpa/3.4.2/spring-boot-starter-data-jpa-3.4.2.jar:/Users/stanley-22896/.m2/repository/org/springframework/boot/spring-boot-starter/3.4.2/spring-boot-starter-3.4.2.jar:/Users/stanley-22896/.m2/repository/org/springframework/boot/spring-boot/3.4.2/spring-boot-3.4.2.jar:/Users/stanley-22896/.m2/repository/org/springframework/boot/spring-boot-autoconfigure/3.4.2/spring-boot-autoconfigure-3.4.2.jar:/Users/stanley-22896/.m2/repository/org/springframework/boot/spring-boot-starter-logging/3.4.2/spring-boot-starter-logging-3.4.2.jar:/Users/stanley-22896/.m2/repository/ch/qos/logback/logback-classic/1.5.16/logback-classic-1.5.16.jar:/Users/stanley-22896/.m2/repository/ch/qos/logback/logback-core/1.5.16/logback-core-1.5.16.jar:/Users/stanley-22896/.m2/repository/org/apache/logging/log4j/log4j-to-slf4j/2.24.3/log4j-to-slf4j-2.24.3.jar:/Users/stanley-22896/.m2/repository/org/apache/logging/log4j/log4j-api/2.24.3/log4j-api-2.24.3.jar:/Users/stanley-22896/.m2/repository/org/slf4j/jul-to-slf4j/2.0.16/jul-to-slf4j-2.0.16.jar:/Users/stanley-22896/.m2/repository/jakarta/annotation/jakarta.annotation-api/2.1.1/jakarta.annotation-api-2.1.1.jar:/Users/stanley-22896/.m2/repository/org/yaml/snakeyaml/2.3/snakeyaml-2.3.jar:/Users/stanley-22896/.m2/repository/org/springframework/boot/spring-boot-starter-jdbc/3.4.2/spring-boot-starter-jdbc-3.4.2.jar:/Users/stanley-22896/.m2/repository/com/zaxxer/HikariCP/5.1.0/HikariCP-5.1.0.jar:/Users/stanley-22896/.m2/repository/org/springframework/spring-jdbc/6.2.2/spring-jdbc-6.2.2.jar:/Users/stanley-22896/.m2/repository/org/hibernate/orm/hibernate-core/6.6.5.Final/hibernate-core-6.6.5.Final.jar:/Users/stanley-22896/.m2/repository/jakarta/persistence/jakarta.persistence-api/3.1.0/jakarta.persistence-api-3.1.0.jar:/Users/stanley-22896/.m2/repository/jakarta/transaction/jakarta.transaction-api/2.0.1/jakarta.transaction-api-2.0.1.jar:/Users/stanley-22896/.m2/repository/org/jboss/logging/jboss-logging/3.6.1.Final/jboss-logging-3.6.1.Final.jar:/Users/stanley-22896/.m2/repository/org/hibernate/common/hibernate-commons-annotations/7.0.3.Final/hibernate-commons-annotations-7.0.3.Final.jar:/Users/stanley-22896/.m2/repository/io/smallrye/jandex/3.2.0/jandex-3.2.0.jar:/Users/stanley-22896/.m2/repository/com/fasterxml/classmate/1.7.0/classmate-1.7.0.jar:/Users/stanley-22896/.m2/repository/net/bytebuddy/byte-buddy/1.15.11/byte-buddy-1.15.11.jar:/Users/stanley-22896/.m2/repository/org/glassfish/jaxb/jaxb-runtime/4.0.5/jaxb-runtime-4.0.5.jar:/Users/stanley-22896/.m2/repository/org/glassfish/jaxb/jaxb-core/4.0.5/jaxb-core-4.0.5.jar:/Users/stanley-22896/.m2/repository/org/eclipse/angus/angus-activation/2.0.2/angus-activation-2.0.2.jar:/Users/stanley-22896/.m2/repository/org/glassfish/jaxb/txw2/4.0.5/txw2-4.0.5.jar:/Users/stanley-22896/.m2/repository/com/sun/istack/istack-commons-runtime/4.1.2/istack-commons-runtime-4.1.2.jar:/Users/stanley-22896/.m2/repository/jakarta/inject/jakarta.inject-api/2.0.1/jakarta.inject-api-2.0.1.jar:/Users/stanley-22896/.m2/repository/org/antlr/antlr4-runtime/4.13.0/antlr4-runtime-4.13.0.jar:/Users/stanley-22896/.m2/repository/org/springframework/data/spring-data-jpa/3.4.2/spring-data-jpa-3.4.2.jar:/Users/stanley-22896/.m2/repository/org/springframework/data/spring-data-commons/3.4.2/spring-data-commons-3.4.2.jar:/Users/stanley-22896/.m2/repository/org/springframework/spring-orm/6.2.2/spring-orm-6.2.2.jar:/Users/stanley-22896/.m2/repository/org/springframework/spring-context/6.2.2/spring-context-6.2.2.jar:/Users/stanley-22896/.m2/repository/org/springframework/spring-tx/6.2.2/spring-tx-6.2.2.jar:/Users/stanley-22896/.m2/repository/org/springframework/spring-beans/6.2.2/spring-beans-6.2.2.jar:/Users/stanley-22896/.m2/repository/org/springframework/spring-aspects/6.2.2/spring-aspects-6.2.2.jar:/Users/stanley-22896/.m2/repository/org/aspectj/aspectjweaver/1.9.22.1/aspectjweaver-1.9.22.1.jar:/Users/stanley-22896/.m2/repository/org/springframework/boot/spring-boot-starter-security/3.4.2/spring-boot-starter-security-3.4.2.jar:/Users/stanley-22896/.m2/repository/org/springframework/spring-aop/6.2.2/spring-aop-6.2.2.jar:/Users/stanley-22896/.m2/repository/org/springframework/security/spring-security-config/6.4.2/spring-security-config-6.4.2.jar:/Users/stanley-22896/.m2/repository/org/springframework/security/spring-security-web/6.4.2/spring-security-web-6.4.2.jar:/Users/stanley-22896/.m2/repository/org/springframework/spring-expression/6.2.2/spring-expression-6.2.2.jar:/Users/stanley-22896/.m2/repository/org/springframework/boot/spring-boot-starter-validation/3.4.2/spring-boot-starter-validation-3.4.2.jar:/Users/stanley-22896/.m2/repository/org/apache/tomcat/embed/tomcat-embed-el/10.1.34/tomcat-embed-el-10.1.34.jar:/Users/stanley-22896/.m2/repository/org/hibernate/validator/hibernate-validator/8.0.2.Final/hibernate-validator-8.0.2.Final.jar:/Users/stanley-22896/.m2/repository/jakarta/validation/jakarta.validation-api/3.0.2/jakarta.validation-api-3.0.2.jar:/Users/stanley-22896/.m2/repository/org/springframework/boot/spring-boot-starter-web/3.4.2/spring-boot-starter-web-3.4.2.jar:/Users/stanley-22896/.m2/repository/org/springframework/boot/spring-boot-starter-json/3.4.2/spring-boot-starter-json-3.4.2.jar:/Users/stanley-22896/.m2/repository/com/fasterxml/jackson/datatype/jackson-datatype-jdk8/2.18.2/jackson-datatype-jdk8-2.18.2.jar:/Users/stanley-22896/.m2/repository/com/fasterxml/jackson/datatype/jackson-datatype-jsr310/2.18.2/jackson-datatype-jsr310-2.18.2.jar:/Users/stanley-22896/.m2/repository/com/fasterxml/jackson/module/jackson-module-parameter-names/2.18.2/jackson-module-parameter-names-2.18.2.jar:/Users/stanley-22896/.m2/repository/org/springframework/boot/spring-boot-starter-tomcat/3.4.2/spring-boot-starter-tomcat-3.4.2.jar:/Users/stanley-22896/.m2/repository/org/apache/tomcat/embed/tomcat-embed-core/10.1.34/tomcat-embed-core-10.1.34.jar:/Users/stanley-22896/.m2/repository/org/apache/tomcat/embed/tomcat-embed-websocket/10.1.34/tomcat-embed-websocket-10.1.34.jar:/Users/stanley-22896/.m2/repository/org/springframework/spring-web/6.2.2/spring-web-6.2.2.jar:/Users/stanley-22896/.m2/repository/io/micrometer/micrometer-observation/1.14.3/micrometer-observation-1.14.3.jar:/Users/stanley-22896/.m2/repository/io/micrometer/micrometer-commons/1.14.3/micrometer-commons-1.14.3.jar:/Users/stanley-22896/.m2/repository/org/springframework/spring-webmvc/6.2.2/spring-webmvc-6.2.2.jar:/Users/stanley-22896/.m2/repository/com/mysql/mysql-connector-j/9.1.0/mysql-connector-j-9.1.0.jar:/Users/stanley-22896/.m2/repository/io/jsonwebtoken/jjwt-api/0.11.5/jjwt-api-0.11.5.jar:/Users/stanley-22896/.m2/repository/io/jsonwebtoken/jjwt-impl/0.11.5/jjwt-impl-0.11.5.jar:/Users/stanley-22896/.m2/repository/io/jsonwebtoken/jjwt-jackson/0.11.5/jjwt-jackson-0.11.5.jar:/Users/stanley-22896/.m2/repository/com/fasterxml/jackson/core/jackson-databind/2.18.2/jackson-databind-2.18.2.jar:/Users/stanley-22896/.m2/repository/com/fasterxml/jackson/core/jackson-annotations/2.18.2/jackson-annotations-2.18.2.jar:/Users/stanley-22896/.m2/repository/com/fasterxml/jackson/core/jackson-core/2.18.2/jackson-core-2.18.2.jar:/Users/stanley-22896/.m2/repository/org/springframework/boot/spring-boot-starter-test/3.4.2/spring-boot-starter-test-3.4.2.jar:/Users/stanley-22896/.m2/repository/org/springframework/boot/spring-boot-test/3.4.2/spring-boot-test-3.4.2.jar:/Users/stanley-22896/.m2/repository/org/springframework/boot/spring-boot-test-autoconfigure/3.4.2/spring-boot-test-autoconfigure-3.4.2.jar:/Users/stanley-22896/.m2/repository/com/jayway/jsonpath/json-path/2.9.0/json-path-2.9.0.jar:/Users/stanley-22896/.m2/repository/jakarta/xml/bind/jakarta.xml.bind-api/4.0.2/jakarta.xml.bind-api-4.0.2.jar:/Users/stanley-22896/.m2/repository/jakarta/activation/jakarta.activation-api/2.1.3/jakarta.activation-api-2.1.3.jar:/Users/stanley-22896/.m2/repository/net/minidev/json-smart/2.5.1/json-smart-2.5.1.jar:/Users/stanley-22896/.m2/repository/net/minidev/accessors-smart/2.5.1/accessors-smart-2.5.1.jar:/Users/stanley-22896/.m2/repository/org/ow2/asm/asm/9.6/asm-9.6.jar:/Users/stanley-22896/.m2/repository/org/assertj/assertj-core/3.26.3/assertj-core-3.26.3.jar:/Users/stanley-22896/.m2/repository/org/awaitility/awaitility/4.2.2/awaitility-4.2.2.jar:/Users/stanley-22896/.m2/repository/org/hamcrest/hamcrest/2.2/hamcrest-2.2.jar:/Users/stanley-22896/.m2/repository/org/junit/jupiter/junit-jupiter/5.11.4/junit-jupiter-5.11.4.jar:/Users/stanley-22896/.m2/repository/org/junit/jupiter/junit-jupiter-api/5.11.4/junit-jupiter-api-5.11.4.jar:/Users/stanley-22896/.m2/repository/org/opentest4j/opentest4j/1.3.0/opentest4j-1.3.0.jar:/Users/stanley-22896/.m2/repository/org/junit/platform/junit-platform-commons/1.11.4/junit-platform-commons-1.11.4.jar:/Users/stanley-22896/.m2/repository/org/apiguardian/apiguardian-api/1.1.2/apiguardian-api-1.1.2.jar:/Users/stanley-22896/.m2/repository/org/junit/jupiter/junit-jupiter-params/5.11.4/junit-jupiter-params-5.11.4.jar:/Users/stanley-22896/.m2/repository/org/junit/jupiter/junit-jupiter-engine/5.11.4/junit-jupiter-engine-5.11.4.jar:/Users/stanley-22896/.m2/repository/org/junit/platform/junit-platform-engine/1.11.4/junit-platform-engine-1.11.4.jar:/Users/stanley-22896/.m2/repository/org/mockito/mockito-core/5.14.2/mockito-core-5.14.2.jar:/Users/stanley-22896/.m2/repository/net/bytebuddy/byte-buddy-agent/1.15.11/byte-buddy-agent-1.15.11.jar:/Users/stanley-22896/.m2/repository/org/objenesis/objenesis/3.3/objenesis-3.3.jar:/Users/stanley-22896/.m2/repository/org/mockito/mockito-junit-jupiter/5.14.2/mockito-junit-jupiter-5.14.2.jar:/Users/stanley-22896/.m2/repository/org/skyscreamer/jsonassert/1.5.3/jsonassert-1.5.3.jar:/Users/stanley-22896/.m2/repository/com/vaadin/external/google/android-json/0.0.20131108.vaadin1/android-json-0.0.20131108.vaadin1.jar:/Users/stanley-22896/.m2/repository/org/springframework/spring-core/6.2.2/spring-core-6.2.2.jar:/Users/stanley-22896/.m2/repository/org/springframework/spring-jcl/6.2.2/spring-jcl-6.2.2.jar:/Users/stanley-22896/.m2/repository/org/springframework/spring-test/6.2.2/spring-test-6.2.2.jar:/Users/stanley-22896/.m2/repository/org/xmlunit/xmlunit-core/2.10.0/xmlunit-core-2.10.0.jar:/Users/stanley-22896/.m2/repository/org/springframework/security/spring-security-test/6.4.2/spring-security-test-6.4.2.jar:/Users/stanley-22896/.m2/repository/org/springframework/security/spring-security-core/6.4.2/spring-security-core-6.4.2.jar:/Users/stanley-22896/.m2/repository/org/springframework/security/spring-security-crypto/6.4.2/spring-security-crypto-6.4.2.jar:/Users/stanley-22896/.m2/repository/org/thymeleaf/thymeleaf/3.1.3.RELEASE/thymeleaf-3.1.3.RELEASE.jar:/Users/stanley-22896/.m2/repository/ognl/ognl/3.3.4/ognl-3.3.4.jar:/Users/stanley-22896/.m2/repository/org/javassist/javassist/3.29.0-GA/javassist-3.29.0-GA.jar:/Users/stanley-22896/.m2/repository/org/attoparser/attoparser/2.0.7.RELEASE/attoparser-2.0.7.RELEASE.jar:/Users/stanley-22896/.m2/repository/org/unbescape/unbescape/1.1.6.RELEASE/unbescape-1.1.6.RELEASE.jar:/Users/stanley-22896/.m2/repository/org/slf4j/slf4j-api/2.0.16/slf4j-api-2.0.16.jar:"/>
    <property name="https.proxyPort" value="3128"/>
    <property name="java.vm.vendor" value="Homebrew"/>
    <property name="sun.arch.data.model" value="64"/>
    <property name="java.vendor.url" value="https://github.com/Homebrew/homebrew-core/issues"/>
    <property name="user.timezone" value="Asia/Kolkata"/>
    <property name="org.jboss.logging.provider" value="slf4j"/>
    <property name="os.name" value="Mac OS X"/>
    <property name="java.vm.specification.version" value="17"/>
    <property name="sun.java.launcher" value="SUN_STANDARD"/>
    <property name="user.country" value="IN"/>
    <property name="sun.boot.library.path" value="/opt/homebrew/Cellar/openjdk@17/17.0.14/libexec/openjdk.jdk/Contents/Home/lib"/>
    <property name="sun.java.command" value="/Users/stanley-22896/Desktop/mymoviedb/target/surefire/surefirebooter-20250204123004252_3.jar /Users/stanley-22896/Desktop/mymoviedb/target/surefire 2025-02-04T12-30-04_179-jvmRun1 surefire-20250204123004252_1tmp surefire_0-20250204123004252_2tmp"/>
    <property name="http.nonProxyHosts" value="127.0.0.1|127.0.0.0/8|*.127.0.0.0/8|::1|zohomeeting.com|*.zohomeeting.com|zohoassist.com|*.zohoassist.com|avcliq.zoho.com|*.avcliq.zoho.com|zohomeeting.com|*.zohomeeting.com|zohoassist.com|*.zohoassist.com|zohopublic.com|*.zohopublic.com|zohopublic.in|*.zohopublic.in|zohopublic.eu|*.zohopublic.eu|zohopublic.com.au|*.zohopublic.com.au|zohopublic.jp|*.zohopublic.jp|zohopublic.ca|*.zohopublic.ca|zohopublic.sa|*.zohopublic.sa|us4-wss-accl.zoho.com|*.us4-wss-accl.zoho.com|us4-wss.zoho.com|*.us4-wss.zoho.com|us3-wss-accl.zoho.com|*.us3-wss-accl.zoho.com|us3-wss.zoho.com|*.us3-wss.zoho.com|in2-wss.zoho.in|*.in2-wss.zoho.in|in1-wss.zoho.in|*.in1-wss.zoho.in|eu1-wss.zoho.eu|*.eu1-wss.zoho.eu|eu2-wss.zoho.eu|*.eu2-wss.zoho.eu|cn2-wss.zoho.com.cn|*.cn2-wss.zoho.com.cn|cn3-wss.zoho.com.cn|*.cn3-wss.zoho.com.cn|au1-wss.zoho.com.au|*.au1-wss.zoho.com.au|au2-wss.zoho.com.au|*.au2-wss.zoho.com.au|jp1-wss.zoho.jp|*.jp1-wss.zoho.jp|jp2-wss.zoho.jp|*.jp2-wss.zoho.jp|ca1-wss.zohocloud.ca|*.ca1-wss.zohocloud.ca|ca2-wss.zohocloud.ca|*.ca2-wss.zohocloud.ca|sa1-wss.zoho.sa|*.sa1-wss.zoho.sa|sa2-wss.zoho.sa|*.sa2-wss.zoho.sa|in1-wss.arattai.in|*.in1-wss.arattai.in|in2-wss.arattai.in|*.in2-wss.arattai.in|preus4-wss.zoho.com|*.preus4-wss.zoho.com|preus3-wss.zoho.com|*.preus3-wss.zoho.com|us4-wss-pop.zoho.com|*.us4-wss-pop.zoho.com|us3-wss-pop.zoho.com|*.us3-wss-pop.zoho.com|in2-wss-pop.zoho.in|*.in2-wss-pop.zoho.in|in1-wss-pop.zoho.in|*.in1-wss-pop.zoho.in|eu1-wss-pop.zoho.eu|*.eu1-wss-pop.zoho.eu|eu2-wss-pop.zoho.eu|*.eu2-wss-pop.zoho.eu|cn2-wss-pop.zoho.com.cn|*.cn2-wss-pop.zoho.com.cn|cn3-wss-pop.zoho.com.cn|*.cn3-wss-pop.zoho.com.cn|au1-wss-pop.zoho.com.au|*.au1-wss-pop.zoho.com.au|au2-wss-pop.zoho.com.au|*.au2-wss-pop.zoho.com.au|jp1-wss-pop.zoho.jp|*.jp1-wss-pop.zoho.jp|jp2-wss-pop.zoho.jp|*.jp2-wss-pop.zoho.jp|ca1-wss-pop.zohocloud.ca|*.ca1-wss-pop.zohocloud.ca|ca2-wss-pop.zohocloud.ca|*.ca2-wss-pop.zohocloud.ca|sa1-wss-pop.zoho.sa|*.sa1-wss-pop.zoho.sa|sa2-wss-pop.zoho.sa|*.sa2-wss-pop.zoho.sa|in2-prewss-pop.zoho.in|*.in2-prewss-pop.zoho.in|in1-prewss-pop.zoho.in|*.in1-prewss-pop.zoho.in|us4-wss-vod.zoho.com|*.us4-wss-vod.zoho.com|us3-wss-vod.zoho.com|*.us3-wss-vod.zoho.com|in2-wss-vod.zoho.in|*.in2-wss-vod.zoho.in|in1-wss-vod.zoho.in|*.in1-wss-vod.zoho.in|eu1-wss-vod.zoho.eu|*.eu1-wss-vod.zoho.eu|eu2-wss-vod.zoho.eu|*.eu2-wss-vod.zoho.eu|cn2-wss-vod.zoho.com.cn|*.cn2-wss-vod.zoho.com.cn|cn3-wss-vod.zoho.com.cn|*.cn3-wss-vod.zoho.com.cn|au1-wss-vod.zoho.com.au|*.au1-wss-vod.zoho.com.au|au2-wss-vod.zoho.com.au|*.au2-wss-vod.zoho.com.au|jp1-wss-vod.zoho.jp|*.jp1-wss-vod.zoho.jp|jp2-wss-vod.zoho.jp|*.jp2-wss-vod.zoho.jp|ca1-wss-vod.zohocloud.ca|*.ca1-wss-vod.zohocloud.ca|ca2-wss-vod.zohocloud.ca|*.ca2-wss-vod.zohocloud.ca|sa1-wss-vod.zoho.sa|*.sa1-wss-vod.zoho.sa|sa2-wss-vod.zoho.sa|*.sa2-wss-vod.zoho.sa|in1-wss-vod.arattai.in|*.in1-wss-vod.arattai.in|in2-wss-vod.arattai.in|*.in2-wss-vod.arattai.in|us4-prewss-vod.zoho.com|*.us4-prewss-vod.zoho.com|us3-prewss-vod.zoho.com|*.us3-prewss-vod.zoho.com|zohoconference.com|*.zohoconference.com"/>
    <property name="jdk.debug" value="release"/>
    <property name="surefire.test.class.path" value="/Users/stanley-22896/Desktop/mymoviedb/target/test-classes:/Users/stanley-22896/Desktop/mymoviedb/target/classes:/Users/stanley-22896/.m2/repository/org/springframework/boot/spring-boot-starter-data-jpa/3.4.2/spring-boot-starter-data-jpa-3.4.2.jar:/Users/stanley-22896/.m2/repository/org/springframework/boot/spring-boot-starter/3.4.2/spring-boot-starter-3.4.2.jar:/Users/stanley-22896/.m2/repository/org/springframework/boot/spring-boot/3.4.2/spring-boot-3.4.2.jar:/Users/stanley-22896/.m2/repository/org/springframework/boot/spring-boot-autoconfigure/3.4.2/spring-boot-autoconfigure-3.4.2.jar:/Users/stanley-22896/.m2/repository/org/springframework/boot/spring-boot-starter-logging/3.4.2/spring-boot-starter-logging-3.4.2.jar:/Users/stanley-22896/.m2/repository/ch/qos/logback/logback-classic/1.5.16/logback-classic-1.5.16.jar:/Users/stanley-22896/.m2/repository/ch/qos/logback/logback-core/1.5.16/logback-core-1.5.16.jar:/Users/stanley-22896/.m2/repository/org/apache/logging/log4j/log4j-to-slf4j/2.24.3/log4j-to-slf4j-2.24.3.jar:/Users/stanley-22896/.m2/repository/org/apache/logging/log4j/log4j-api/2.24.3/log4j-api-2.24.3.jar:/Users/stanley-22896/.m2/repository/org/slf4j/jul-to-slf4j/2.0.16/jul-to-slf4j-2.0.16.jar:/Users/stanley-22896/.m2/repository/jakarta/annotation/jakarta.annotation-api/2.1.1/jakarta.annotation-api-2.1.1.jar:/Users/stanley-22896/.m2/repository/org/yaml/snakeyaml/2.3/snakeyaml-2.3.jar:/Users/stanley-22896/.m2/repository/org/springframework/boot/spring-boot-starter-jdbc/3.4.2/spring-boot-starter-jdbc-3.4.2.jar:/Users/stanley-22896/.m2/repository/com/zaxxer/HikariCP/5.1.0/HikariCP-5.1.0.jar:/Users/stanley-22896/.m2/repository/org/springframework/spring-jdbc/6.2.2/spring-jdbc-6.2.2.jar:/Users/stanley-22896/.m2/repository/org/hibernate/orm/hibernate-core/6.6.5.Final/hibernate-core-6.6.5.Final.jar:/Users/stanley-22896/.m2/repository/jakarta/persistence/jakarta.persistence-api/3.1.0/jakarta.persistence-api-3.1.0.jar:/Users/stanley-22896/.m2/repository/jakarta/transaction/jakarta.transaction-api/2.0.1/jakarta.transaction-api-2.0.1.jar:/Users/stanley-22896/.m2/repository/org/jboss/logging/jboss-logging/3.6.1.Final/jboss-logging-3.6.1.Final.jar:/Users/stanley-22896/.m2/repository/org/hibernate/common/hibernate-commons-annotations/7.0.3.Final/hibernate-commons-annotations-7.0.3.Final.jar:/Users/stanley-22896/.m2/repository/io/smallrye/jandex/3.2.0/jandex-3.2.0.jar:/Users/stanley-22896/.m2/repository/com/fasterxml/classmate/1.7.0/classmate-1.7.0.jar:/Users/stanley-22896/.m2/repository/net/bytebuddy/byte-buddy/1.15.11/byte-buddy-1.15.11.jar:/Users/stanley-22896/.m2/repository/org/glassfish/jaxb/jaxb-runtime/4.0.5/jaxb-runtime-4.0.5.jar:/Users/stanley-22896/.m2/repository/org/glassfish/jaxb/jaxb-core/4.0.5/jaxb-core-4.0.5.jar:/Users/stanley-22896/.m2/repository/org/eclipse/angus/angus-activation/2.0.2/angus-activation-2.0.2.jar:/Users/stanley-22896/.m2/repository/org/glassfish/jaxb/txw2/4.0.5/txw2-4.0.5.jar:/Users/stanley-22896/.m2/repository/com/sun/istack/istack-commons-runtime/4.1.2/istack-commons-runtime-4.1.2.jar:/Users/stanley-22896/.m2/repository/jakarta/inject/jakarta.inject-api/2.0.1/jakarta.inject-api-2.0.1.jar:/Users/stanley-22896/.m2/repository/org/antlr/antlr4-runtime/4.13.0/antlr4-runtime-4.13.0.jar:/Users/stanley-22896/.m2/repository/org/springframework/data/spring-data-jpa/3.4.2/spring-data-jpa-3.4.2.jar:/Users/stanley-22896/.m2/repository/org/springframework/data/spring-data-commons/3.4.2/spring-data-commons-3.4.2.jar:/Users/stanley-22896/.m2/repository/org/springframework/spring-orm/6.2.2/spring-orm-6.2.2.jar:/Users/stanley-22896/.m2/repository/org/springframework/spring-context/6.2.2/spring-context-6.2.2.jar:/Users/stanley-22896/.m2/repository/org/springframework/spring-tx/6.2.2/spring-tx-6.2.2.jar:/Users/stanley-22896/.m2/repository/org/springframework/spring-beans/6.2.2/spring-beans-6.2.2.jar:/Users/stanley-22896/.m2/repository/org/springframework/spring-aspects/6.2.2/spring-aspects-6.2.2.jar:/Users/stanley-22896/.m2/repository/org/aspectj/aspectjweaver/1.9.22.1/aspectjweaver-1.9.22.1.jar:/Users/stanley-22896/.m2/repository/org/springframework/boot/spring-boot-starter-security/3.4.2/spring-boot-starter-security-3.4.2.jar:/Users/stanley-22896/.m2/repository/org/springframework/spring-aop/6.2.2/spring-aop-6.2.2.jar:/Users/stanley-22896/.m2/repository/org/springframework/security/spring-security-config/6.4.2/spring-security-config-6.4.2.jar:/Users/stanley-22896/.m2/repository/org/springframework/security/spring-security-web/6.4.2/spring-security-web-6.4.2.jar:/Users/stanley-22896/.m2/repository/org/springframework/spring-expression/6.2.2/spring-expression-6.2.2.jar:/Users/stanley-22896/.m2/repository/org/springframework/boot/spring-boot-starter-validation/3.4.2/spring-boot-starter-validation-3.4.2.jar:/Users/stanley-22896/.m2/repository/org/apache/tomcat/embed/tomcat-embed-el/10.1.34/tomcat-embed-el-10.1.34.jar:/Users/stanley-22896/.m2/repository/org/hibernate/validator/hibernate-validator/8.0.2.Final/hibernate-validator-8.0.2.Final.jar:/Users/stanley-22896/.m2/repository/jakarta/validation/jakarta.validation-api/3.0.2/jakarta.validation-api-3.0.2.jar:/Users/stanley-22896/.m2/repository/org/springframework/boot/spring-boot-starter-web/3.4.2/spring-boot-starter-web-3.4.2.jar:/Users/stanley-22896/.m2/repository/org/springframework/boot/spring-boot-starter-json/3.4.2/spring-boot-starter-json-3.4.2.jar:/Users/stanley-22896/.m2/repository/com/fasterxml/jackson/datatype/jackson-datatype-jdk8/2.18.2/jackson-datatype-jdk8-2.18.2.jar:/Users/stanley-22896/.m2/repository/com/fasterxml/jackson/datatype/jackson-datatype-jsr310/2.18.2/jackson-datatype-jsr310-2.18.2.jar:/Users/stanley-22896/.m2/repository/com/fasterxml/jackson/module/jackson-module-parameter-names/2.18.2/jackson-module-parameter-names-2.18.2.jar:/Users/stanley-22896/.m2/repository/org/springframework/boot/spring-boot-starter-tomcat/3.4.2/spring-boot-starter-tomcat-3.4.2.jar:/Users/stanley-22896/.m2/repository/org/apache/tomcat/embed/tomcat-embed-core/10.1.34/tomcat-embed-core-10.1.34.jar:/Users/stanley-22896/.m2/repository/org/apache/tomcat/embed/tomcat-embed-websocket/10.1.34/tomcat-embed-websocket-10.1.34.jar:/Users/stanley-22896/.m2/repository/org/springframework/spring-web/6.2.2/spring-web-6.2.2.jar:/Users/stanley-22896/.m2/repository/io/micrometer/micrometer-observation/1.14.3/micrometer-observation-1.14.3.jar:/Users/stanley-22896/.m2/repository/io/micrometer/micrometer-commons/1.14.3/micrometer-commons-1.14.3.jar:/Users/stanley-22896/.m2/repository/org/springframework/spring-webmvc/6.2.2/spring-webmvc-6.2.2.jar:/Users/stanley-22896/.m2/repository/com/mysql/mysql-connector-j/9.1.0/mysql-connector-j-9.1.0.jar:/Users/stanley-22896/.m2/repository/io/jsonwebtoken/jjwt-api/0.11.5/jjwt-api-0.11.5.jar:/Users/stanley-22896/.m2/repository/io/jsonwebtoken/jjwt-impl/0.11.5/jjwt-impl-0.11.5.jar:/Users/stanley-22896/.m2/repository/io/jsonwebtoken/jjwt-jackson/0.11.5/jjwt-jackson-0.11.5.jar:/Users/stanley-22896/.m2/repository/com/fasterxml/jackson/core/jackson-databind/2.18.2/jackson-databind-2.18.2.jar:/Users/stanley-22896/.m2/repository/com/fasterxml/jackson/core/jackson-annotations/2.18.2/jackson-annotations-2.18.2.jar:/Users/stanley-22896/.m2/repository/com/fasterxml/jackson/core/jackson-core/2.18.2/jackson-core-2.18.2.jar:/Users/stanley-22896/.m2/repository/org/springframework/boot/spring-boot-starter-test/3.4.2/spring-boot-starter-test-3.4.2.jar:/Users/stanley-22896/.m2/repository/org/springframework/boot/spring-boot-test/3.4.2/spring-boot-test-3.4.2.jar:/Users/stanley-22896/.m2/repository/org/springframework/boot/spring-boot-test-autoconfigure/3.4.2/spring-boot-test-autoconfigure-3.4.2.jar:/Users/stanley-22896/.m2/repository/com/jayway/jsonpath/json-path/2.9.0/json-path-2.9.0.jar:/Users/stanley-22896/.m2/repository/jakarta/xml/bind/jakarta.xml.bind-api/4.0.2/jakarta.xml.bind-api-4.0.2.jar:/Users/stanley-22896/.m2/repository/jakarta/activation/jakarta.activation-api/2.1.3/jakarta.activation-api-2.1.3.jar:/Users/stanley-22896/.m2/repository/net/minidev/json-smart/2.5.1/json-smart-2.5.1.jar:/Users/stanley-22896/.m2/repository/net/minidev/accessors-smart/2.5.1/accessors-smart-2.5.1.jar:/Users/stanley-22896/.m2/repository/org/ow2/asm/asm/9.6/asm-9.6.jar:/Users/stanley-22896/.m2/repository/org/assertj/assertj-core/3.26.3/assertj-core-3.26.3.jar:/Users/stanley-22896/.m2/repository/org/awaitility/awaitility/4.2.2/awaitility-4.2.2.jar:/Users/stanley-22896/.m2/repository/org/hamcrest/hamcrest/2.2/hamcrest-2.2.jar:/Users/stanley-22896/.m2/repository/org/junit/jupiter/junit-jupiter/5.11.4/junit-jupiter-5.11.4.jar:/Users/stanley-22896/.m2/repository/org/junit/jupiter/junit-jupiter-api/5.11.4/junit-jupiter-api-5.11.4.jar:/Users/stanley-22896/.m2/repository/org/opentest4j/opentest4j/1.3.0/opentest4j-1.3.0.jar:/Users/stanley-22896/.m2/repository/org/junit/platform/junit-platform-commons/1.11.4/junit-platform-commons-1.11.4.jar:/Users/stanley-22896/.m2/repository/org/apiguardian/apiguardian-api/1.1.2/apiguardian-api-1.1.2.jar:/Users/stanley-22896/.m2/repository/org/junit/jupiter/junit-jupiter-params/5.11.4/junit-jupiter-params-5.11.4.jar:/Users/stanley-22896/.m2/repository/org/junit/jupiter/junit-jupiter-engine/5.11.4/junit-jupiter-engine-5.11.4.jar:/Users/stanley-22896/.m2/repository/org/junit/platform/junit-platform-engine/1.11.4/junit-platform-engine-1.11.4.jar:/Users/stanley-22896/.m2/repository/org/mockito/mockito-core/5.14.2/mockito-core-5.14.2.jar:/Users/stanley-22896/.m2/repository/net/bytebuddy/byte-buddy-agent/1.15.11/byte-buddy-agent-1.15.11.jar:/Users/stanley-22896/.m2/repository/org/objenesis/objenesis/3.3/objenesis-3.3.jar:/Users/stanley-22896/.m2/repository/org/mockito/mockito-junit-jupiter/5.14.2/mockito-junit-jupiter-5.14.2.jar:/Users/stanley-22896/.m2/repository/org/skyscreamer/jsonassert/1.5.3/jsonassert-1.5.3.jar:/Users/stanley-22896/.m2/repository/com/vaadin/external/google/android-json/0.0.20131108.vaadin1/android-json-0.0.20131108.vaadin1.jar:/Users/stanley-22896/.m2/repository/org/springframework/spring-core/6.2.2/spring-core-6.2.2.jar:/Users/stanley-22896/.m2/repository/org/springframework/spring-jcl/6.2.2/spring-jcl-6.2.2.jar:/Users/stanley-22896/.m2/repository/org/springframework/spring-test/6.2.2/spring-test-6.2.2.jar:/Users/stanley-22896/.m2/repository/org/xmlunit/xmlunit-core/2.10.0/xmlunit-core-2.10.0.jar:/Users/stanley-22896/.m2/repository/org/springframework/security/spring-security-test/6.4.2/spring-security-test-6.4.2.jar:/Users/stanley-22896/.m2/repository/org/springframework/security/spring-security-core/6.4.2/spring-security-core-6.4.2.jar:/Users/stanley-22896/.m2/repository/org/springframework/security/spring-security-crypto/6.4.2/spring-security-crypto-6.4.2.jar:/Users/stanley-22896/.m2/repository/org/thymeleaf/thymeleaf/3.1.3.RELEASE/thymeleaf-3.1.3.RELEASE.jar:/Users/stanley-22896/.m2/repository/ognl/ognl/3.3.4/ognl-3.3.4.jar:/Users/stanley-22896/.m2/repository/org/javassist/javassist/3.29.0-GA/javassist-3.29.0-GA.jar:/Users/stanley-22896/.m2/repository/org/attoparser/attoparser/2.0.7.RELEASE/attoparser-2.0.7.RELEASE.jar:/Users/stanley-22896/.m2/repository/org/unbescape/unbescape/1.1.6.RELEASE/unbescape-1.1.6.RELEASE.jar:/Users/stanley-22896/.m2/repository/org/slf4j/slf4j-api/2.0.16/slf4j-api-2.0.16.jar:"/>
    <property name="sun.cpu.endian" value="little"/>
    <property name="user.home" value="/Users/stanley-22896"/>
    <property name="user.language" value="en"/>
    <property name="java.specification.vendor" value="Oracle Corporation"/>
    <property name="java.version.date" value="2025-01-21"/>
    <property name="java.home" value="/opt/homebrew/Cellar/openjdk@17/17.0.14/libexec/openjdk.jdk/Contents/Home"/>
    <property name="file.separator" value="/"/>
    <property name="https.proxyHost" value="127.0.0.1"/>
    <property name="basedir" value="/Users/stanley-22896/Desktop/mymoviedb"/>
    <property name="java.vm.compressedOopsMode" value="Zero based"/>
    <property name="line.separator" value="&#10;"/>
    <property name="java.vm.specification.vendor" value="Oracle Corporation"/>
    <property name="java.specification.name" value="Java Platform API Specification"/>
    <property name="FILE_LOG_CHARSET" value="UTF-8"/>
    <property name="java.awt.headless" value="true"/>
    <property name="surefire.real.class.path" value="/Users/stanley-22896/Desktop/mymoviedb/target/surefire/surefirebooter-20250204123004252_3.jar"/>
    <property name="sun.management.compiler" value="HotSpot 64-Bit Tiered Compilers"/>
    <property name="ftp.nonProxyHosts" value="127.0.0.1|127.0.0.0/8|*.127.0.0.0/8|::1|zohomeeting.com|*.zohomeeting.com|zohoassist.com|*.zohoassist.com|avcliq.zoho.com|*.avcliq.zoho.com|zohomeeting.com|*.zohomeeting.com|zohoassist.com|*.zohoassist.com|zohopublic.com|*.zohopublic.com|zohopublic.in|*.zohopublic.in|zohopublic.eu|*.zohopublic.eu|zohopublic.com.au|*.zohopublic.com.au|zohopublic.jp|*.zohopublic.jp|zohopublic.ca|*.zohopublic.ca|zohopublic.sa|*.zohopublic.sa|us4-wss-accl.zoho.com|*.us4-wss-accl.zoho.com|us4-wss.zoho.com|*.us4-wss.zoho.com|us3-wss-accl.zoho.com|*.us3-wss-accl.zoho.com|us3-wss.zoho.com|*.us3-wss.zoho.com|in2-wss.zoho.in|*.in2-wss.zoho.in|in1-wss.zoho.in|*.in1-wss.zoho.in|eu1-wss.zoho.eu|*.eu1-wss.zoho.eu|eu2-wss.zoho.eu|*.eu2-wss.zoho.eu|cn2-wss.zoho.com.cn|*.cn2-wss.zoho.com.cn|cn3-wss.zoho.com.cn|*.cn3-wss.zoho.com.cn|au1-wss.zoho.com.au|*.au1-wss.zoho.com.au|au2-wss.zoho.com.au|*.au2-wss.zoho.com.au|jp1-wss.zoho.jp|*.jp1-wss.zoho.jp|jp2-wss.zoho.jp|*.jp2-wss.zoho.jp|ca1-wss.zohocloud.ca|*.ca1-wss.zohocloud.ca|ca2-wss.zohocloud.ca|*.ca2-wss.zohocloud.ca|sa1-wss.zoho.sa|*.sa1-wss.zoho.sa|sa2-wss.zoho.sa|*.sa2-wss.zoho.sa|in1-wss.arattai.in|*.in1-wss.arattai.in|in2-wss.arattai.in|*.in2-wss.arattai.in|preus4-wss.zoho.com|*.preus4-wss.zoho.com|preus3-wss.zoho.com|*.preus3-wss.zoho.com|us4-wss-pop.zoho.com|*.us4-wss-pop.zoho.com|us3-wss-pop.zoho.com|*.us3-wss-pop.zoho.com|in2-wss-pop.zoho.in|*.in2-wss-pop.zoho.in|in1-wss-pop.zoho.in|*.in1-wss-pop.zoho.in|eu1-wss-pop.zoho.eu|*.eu1-wss-pop.zoho.eu|eu2-wss-pop.zoho.eu|*.eu2-wss-pop.zoho.eu|cn2-wss-pop.zoho.com.cn|*.cn2-wss-pop.zoho.com.cn|cn3-wss-pop.zoho.com.cn|*.cn3-wss-pop.zoho.com.cn|au1-wss-pop.zoho.com.au|*.au1-wss-pop.zoho.com.au|au2-wss-pop.zoho.com.au|*.au2-wss-pop.zoho.com.au|jp1-wss-pop.zoho.jp|*.jp1-wss-pop.zoho.jp|jp2-wss-pop.zoho.jp|*.jp2-wss-pop.zoho.jp|ca1-wss-pop.zohocloud.ca|*.ca1-wss-pop.zohocloud.ca|ca2-wss-pop.zohocloud.ca|*.ca2-wss-pop.zohocloud.ca|sa1-wss-pop.zoho.sa|*.sa1-wss-pop.zoho.sa|sa2-wss-pop.zoho.sa|*.sa2-wss-pop.zoho.sa|in2-prewss-pop.zoho.in|*.in2-prewss-pop.zoho.in|in1-prewss-pop.zoho.in|*.in1-prewss-pop.zoho.in|us4-wss-vod.zoho.com|*.us4-wss-vod.zoho.com|us3-wss-vod.zoho.com|*.us3-wss-vod.zoho.com|in2-wss-vod.zoho.in|*.in2-wss-vod.zoho.in|in1-wss-vod.zoho.in|*.in1-wss-vod.zoho.in|eu1-wss-vod.zoho.eu|*.eu1-wss-vod.zoho.eu|eu2-wss-vod.zoho.eu|*.eu2-wss-vod.zoho.eu|cn2-wss-vod.zoho.com.cn|*.cn2-wss-vod.zoho.com.cn|cn3-wss-vod.zoho.com.cn|*.cn3-wss-vod.zoho.com.cn|au1-wss-vod.zoho.com.au|*.au1-wss-vod.zoho.com.au|au2-wss-vod.zoho.com.au|*.au2-wss-vod.zoho.com.au|jp1-wss-vod.zoho.jp|*.jp1-wss-vod.zoho.jp|jp2-wss-vod.zoho.jp|*.jp2-wss-vod.zoho.jp|ca1-wss-vod.zohocloud.ca|*.ca1-wss-vod.zohocloud.ca|ca2-wss-vod.zohocloud.ca|*.ca2-wss-vod.zohocloud.ca|sa1-wss-vod.zoho.sa|*.sa1-wss-vod.zoho.sa|sa2-wss-vod.zoho.sa|*.sa2-wss-vod.zoho.sa|in1-wss-vod.arattai.in|*.in1-wss-vod.arattai.in|in2-wss-vod.arattai.in|*.in2-wss-vod.arattai.in|us4-prewss-vod.zoho.com|*.us4-prewss-vod.zoho.com|us3-prewss-vod.zoho.com|*.us3-prewss-vod.zoho.com|zohoconference.com|*.zohoconference.com"/>
    <property name="java.runtime.version" value="17.0.14+0"/>
    <property name="user.name" value="stanley-22896"/>
    <property name="path.separator" value=":"/>
    <property name="os.version" value="15.2"/>
    <property name="java.runtime.name" value="OpenJDK Runtime Environment"/>
    <property name="file.encoding" value="UTF-8"/>
    <property name="java.vm.name" value="OpenJDK 64-Bit Server VM"/>
    <property name="java.vendor.version" value="Homebrew"/>
    <property name="localRepository" value="/Users/stanley-22896/.m2/repository"/>
    <property name="java.vendor.url.bug" value="https://github.com/Homebrew/homebrew-core/issues"/>
    <property name="java.io.tmpdir" value="/var/folders/np/5bgf7p797bl4bq8t0spyj8vr0000gp/T/"/>
    <property name="com.zaxxer.hikari.pool_number" value="1"/>
    <property name="java.version" value="17.0.14"/>
    <property name="user.dir" value="/Users/stanley-22896/Desktop/mymoviedb"/>
    <property name="os.arch" value="aarch64"/>
    <property name="java.vm.specification.name" value="Java Virtual Machine Specification"/>
    <property name="PID" value="22862"/>
    <property name="CONSOLE_LOG_CHARSET" value="UTF-8"/>
    <property name="native.encoding" value="UTF-8"/>
    <property name="java.library.path" value="/Users/stanley-22896/Library/Java/Extensions:/Library/Java/Extensions:/Network/Library/Java/Extensions:/System/Library/Java/Extensions:/usr/lib/java:."/>
    <property name="java.vm.info" value="mixed mode, sharing"/>
    <property name="java.vendor" value="Homebrew"/>
    <property name="java.vm.version" value="17.0.14+0"/>
    <property name="java.specification.maintenance.version" value="1"/>
    <property name="sun.io.unicode.encoding" value="UnicodeBig"/>
    <property name="socksNonProxyHosts" value="127.0.0.1|127.0.0.0/8|*.127.0.0.0/8|::1|zohomeeting.com|*.zohomeeting.com|zohoassist.com|*.zohoassist.com|avcliq.zoho.com|*.avcliq.zoho.com|zohomeeting.com|*.zohomeeting.com|zohoassist.com|*.zohoassist.com|zohopublic.com|*.zohopublic.com|zohopublic.in|*.zohopublic.in|zohopublic.eu|*.zohopublic.eu|zohopublic.com.au|*.zohopublic.com.au|zohopublic.jp|*.zohopublic.jp|zohopublic.ca|*.zohopublic.ca|zohopublic.sa|*.zohopublic.sa|us4-wss-accl.zoho.com|*.us4-wss-accl.zoho.com|us4-wss.zoho.com|*.us4-wss.zoho.com|us3-wss-accl.zoho.com|*.us3-wss-accl.zoho.com|us3-wss.zoho.com|*.us3-wss.zoho.com|in2-wss.zoho.in|*.in2-wss.zoho.in|in1-wss.zoho.in|*.in1-wss.zoho.in|eu1-wss.zoho.eu|*.eu1-wss.zoho.eu|eu2-wss.zoho.eu|*.eu2-wss.zoho.eu|cn2-wss.zoho.com.cn|*.cn2-wss.zoho.com.cn|cn3-wss.zoho.com.cn|*.cn3-wss.zoho.com.cn|au1-wss.zoho.com.au|*.au1-wss.zoho.com.au|au2-wss.zoho.com.au|*.au2-wss.zoho.com.au|jp1-wss.zoho.jp|*.jp1-wss.zoho.jp|jp2-wss.zoho.jp|*.jp2-wss.zoho.jp|ca1-wss.zohocloud.ca|*.ca1-wss.zohocloud.ca|ca2-wss.zohocloud.ca|*.ca2-wss.zohocloud.ca|sa1-wss.zoho.sa|*.sa1-wss.zoho.sa|sa2-wss.zoho.sa|*.sa2-wss.zoho.sa|in1-wss.arattai.in|*.in1-wss.arattai.in|in2-wss.arattai.in|*.in2-wss.arattai.in|preus4-wss.zoho.com|*.preus4-wss.zoho.com|preus3-wss.zoho.com|*.preus3-wss.zoho.com|us4-wss-pop.zoho.com|*.us4-wss-pop.zoho.com|us3-wss-pop.zoho.com|*.us3-wss-pop.zoho.com|in2-wss-pop.zoho.in|*.in2-wss-pop.zoho.in|in1-wss-pop.zoho.in|*.in1-wss-pop.zoho.in|eu1-wss-pop.zoho.eu|*.eu1-wss-pop.zoho.eu|eu2-wss-pop.zoho.eu|*.eu2-wss-pop.zoho.eu|cn2-wss-pop.zoho.com.cn|*.cn2-wss-pop.zoho.com.cn|cn3-wss-pop.zoho.com.cn|*.cn3-wss-pop.zoho.com.cn|au1-wss-pop.zoho.com.au|*.au1-wss-pop.zoho.com.au|au2-wss-pop.zoho.com.au|*.au2-wss-pop.zoho.com.au|jp1-wss-pop.zoho.jp|*.jp1-wss-pop.zoho.jp|jp2-wss-pop.zoho.jp|*.jp2-wss-pop.zoho.jp|ca1-wss-pop.zohocloud.ca|*.ca1-wss-pop.zohocloud.ca|ca2-wss-pop.zohocloud.ca|*.ca2-wss-pop.zohocloud.ca|sa1-wss-pop.zoho.sa|*.sa1-wss-pop.zoho.sa|sa2-wss-pop.zoho.sa|*.sa2-wss-pop.zoho.sa|in2-prewss-pop.zoho.in|*.in2-prewss-pop.zoho.in|in1-prewss-pop.zoho.in|*.in1-prewss-pop.zoho.in|us4-wss-vod.zoho.com|*.us4-wss-vod.zoho.com|us3-wss-vod.zoho.com|*.us3-wss-vod.zoho.com|in2-wss-vod.zoho.in|*.in2-wss-vod.zoho.in|in1-wss-vod.zoho.in|*.in1-wss-vod.zoho.in|eu1-wss-vod.zoho.eu|*.eu1-wss-vod.zoho.eu|eu2-wss-vod.zoho.eu|*.eu2-wss-vod.zoho.eu|cn2-wss-vod.zoho.com.cn|*.cn2-wss-vod.zoho.com.cn|cn3-wss-vod.zoho.com.cn|*.cn3-wss-vod.zoho.com.cn|au1-wss-vod.zoho.com.au|*.au1-wss-vod.zoho.com.au|au2-wss-vod.zoho.com.au|*.au2-wss-vod.zoho.com.au|jp1-wss-vod.zoho.jp|*.jp1-wss-vod.zoho.jp|jp2-wss-vod.zoho.jp|*.jp2-wss-vod.zoho.jp|ca1-wss-vod.zohocloud.ca|*.ca1-wss-vod.zohocloud.ca|ca2-wss-vod.zohocloud.ca|*.ca2-wss-vod.zohocloud.ca|sa1-wss-vod.zoho.sa|*.sa1-wss-vod.zoho.sa|sa2-wss-vod.zoho.sa|*.sa2-wss-vod.zoho.sa|in1-wss-vod.arattai.in|*.in1-wss-vod.arattai.in|in2-wss-vod.arattai.in|*.in2-wss-vod.arattai.in|us4-prewss-vod.zoho.com|*.us4-prewss-vod.zoho.com|us3-prewss-vod.zoho.com|*.us3-prewss-vod.zoho.com|zohoconference.com|*.zohoconference.com"/>
    <property name="java.class.version" value="61.0"/>
    <property name="http.proxyPort" value="3128"/>
  </properties>
  <testcase name="contextLoads" classname="com.learn.mymoviedb.MymoviedbApplicationTests" time="0.376">
    <system-out><![CDATA[12:30:04.892 [main] INFO org.springframework.test.context.support.AnnotationConfigContextLoaderUtils -- Could not detect default configuration classes for test class [com.learn.mymoviedb.MymoviedbApplicationTests]: MymoviedbApplicationTests does not declare any static, non-private, non-final, nested classes annotated with @Configuration.
12:30:04.963 [main] INFO org.springframework.boot.test.context.SpringBootTestContextBootstrapper -- Found @SpringBootConfiguration com.learn.mymoviedb.MymoviedbApplication for test class com.learn.mymoviedb.MymoviedbApplicationTests

  .   ____          _            __ _ _
 /\\ / ___'_ __ _ _(_)_ __  __ _ \ \ \ \
( ( )\___ | '_ | '_| | '_ \/ _` | \ \ \ \
 \\/  ___)| |_)| | | | | || (_| |  ) ) ) )
  '  |____| .__|_| |_|_| |_\__, | / / / /
 =========|_|==============|___/=/_/_/_/

 :: Spring Boot ::                (v3.4.2)

2025-02-04T12:30:05.239+05:30  INFO 22862 --- [           main] c.l.mymoviedb.MymoviedbApplicationTests  : Starting MymoviedbApplicationTests using Java 17.0.14 with PID 22862 (started by stanley-22896 in /Users/stanley-22896/Desktop/mymoviedb)
2025-02-04T12:30:05.240+05:30  INFO 22862 --- [           main] c.l.mymoviedb.MymoviedbApplicationTests  : No active profile set, falling back to 1 default profile: "default"
2025-02-04T12:30:05.729+05:30  INFO 22862 --- [           main] .s.d.r.c.RepositoryConfigurationDelegate : Bootstrapping Spring Data JPA repositories in DEFAULT mode.
2025-02-04T12:30:05.787+05:30  INFO 22862 --- [           main] .s.d.r.c.RepositoryConfigurationDelegate : Finished Spring Data repository scanning in 52 ms. Found 2 JPA repository interfaces.
2025-02-04T12:30:06.162+05:30  INFO 22862 --- [           main] o.hibernate.jpa.internal.util.LogHelper  : HHH000204: Processing PersistenceUnitInfo [name: default]
2025-02-04T12:30:06.189+05:30  INFO 22862 --- [           main] org.hibernate.Version                    : HHH000412: Hibernate ORM core version 6.6.5.Final
2025-02-04T12:30:06.204+05:30  INFO 22862 --- [           main] o.h.c.internal.RegionFactoryInitiator    : HHH000026: Second-level cache disabled
2025-02-04T12:30:06.367+05:30  INFO 22862 --- [           main] o.s.o.j.p.SpringPersistenceUnitInfo      : No LoadTimeWeaver setup: ignoring JPA class transformer
2025-02-04T12:30:06.384+05:30  INFO 22862 --- [           main] com.zaxxer.hikari.HikariDataSource       : HikariPool-1 - Starting...
2025-02-04T12:30:06.509+05:30  INFO 22862 --- [           main] com.zaxxer.hikari.pool.HikariPool        : HikariPool-1 - Added connection com.mysql.cj.jdbc.ConnectionImpl@377dbc50
2025-02-04T12:30:06.512+05:30  INFO 22862 --- [           main] com.zaxxer.hikari.HikariDataSource       : HikariPool-1 - Start completed.
2025-02-04T12:30:06.540+05:30  WARN 22862 --- [           main] org.hibernate.orm.deprecation            : HHH90000025: MySQLDialect does not need to be specified explicitly using 'hibernate.dialect' (remove the property setting and it will be selected by default)
2025-02-04T12:30:06.553+05:30  INFO 22862 --- [           main] org.hibernate.orm.connections.pooling    : HHH10001005: Database info:
	Database JDBC URL [Connecting through datasource 'HikariDataSource (HikariPool-1)']
	Database driver: undefined/unknown
	Database version: 8.0.41
	Autocommit mode: undefined/unknown
	Isolation level: undefined/unknown
	Minimum pool size: undefined/unknown
	Maximum pool size: undefined/unknown
2025-02-04T12:30:07.138+05:30  INFO 22862 --- [           main] o.h.e.t.j.p.i.JtaPlatformInitiator       : HHH000489: No JTA platform available (set 'hibernate.transaction.jta.platform' to enable JTA platform integration)
2025-02-04T12:30:07.214+05:30  INFO 22862 --- [           main] j.LocalContainerEntityManagerFactoryBean : Initialized JPA EntityManagerFactory for persistence unit 'default'
2025-02-04T12:30:07.458+05:30  INFO 22862 --- [           main] eAuthenticationProviderManagerConfigurer : Global AuthenticationManager configured with AuthenticationProvider bean with name authenticationProvider
2025-02-04T12:30:07.458+05:30  WARN 22862 --- [           main] r$InitializeUserDetailsManagerConfigurer : Global AuthenticationManager configured with an AuthenticationProvider bean. UserDetailsService beans will not be used by Spring Security for automatically configuring username/password login. Consider removing the AuthenticationProvider bean. Alternatively, consider using the UserDetailsService in a manually instantiated DaoAuthenticationProvider. If the current configuration is intentional, to turn off this warning, increase the logging level of 'org.springframework.security.config.annotation.authentication.configuration.InitializeUserDetailsBeanManagerConfigurer' to ERROR
2025-02-04T12:30:07.541+05:30  WARN 22862 --- [           main] JpaBaseConfiguration$JpaWebConfiguration : spring.jpa.open-in-view is enabled by default. Therefore, database queries may be performed during view rendering. Explicitly configure spring.jpa.open-in-view to disable this warning
2025-02-04T12:30:08.010+05:30  INFO 22862 --- [           main] c.l.mymoviedb.MymoviedbApplicationTests  : Started MymoviedbApplicationTests in 2.957 seconds (process running for 3.653)
]]></system-out>
  </testcase>
</testsuite>